2015-09-16 20:10:06,153: INFO: message_sender: Now serving customer 2, ('send', 89, u':3965933 Smokey Report:\nTitle: CSS3 or HTML5 - how do i do a background animation like clouds floating in HTML5 pages?\nReason: Manually reported answer\nSite: stackoverflow.com\nUser: buy twitter followers ([buy twitter followers](http://stackoverflow.com/users/5339082)\nLink: http://stackoverflow.com.coma/5339082')
2015-09-16 20:10:29,565: INFO: MainThread: Logging in.
2015-09-16 20:10:34,685: INFO: MainThread: Logged in.
2015-09-16 20:10:34,697: INFO: message_sender: Worker thread reporting for duty.
2015-09-16 20:15:13,299: INFO: message_sender: Now serving customer 1, ('send', 89, u':3965962 Smokey Report:\nTitle: JAVA RANDOM NUMBERS, MUST BE IN ASCENDING ORDER AND NO REPETITION\nReason: All-caps title\nSite: http://stackoverflow.com\nUser: kkkk1118 (http://stackoverflow.com/users/5341916)\nLink: http://stackoverflow.com/questions/32608279')
2015-09-16 20:18:39,184: INFO: message_sender: Now serving customer 2, ('send', 89, u':3965990 Smokey Report:\nTitle: How Can Access My Gmail Account And How Can Attachment Documents\nReason: Bad keyword in body\nSite: http://scicomp.stackexchange.com\nUser: jamessmith22121 (http://scicomp.stackexchange.com/users/17560)\nLink: http://scicomp.stackexchange.com/questions/20745')
2015-09-16 20:44:24,266: INFO: message_sender: Now serving customer 3, ('send', 89, u':3966090 Smokey Report:\nTitle: Google denounce chines of Locking Gmail Service?\nReason: Bad keyword in body\nSite: http://scicomp.stackexchange.com\nUser: Alinaros (http://scicomp.stackexchange.com/users/17563)\nLink: http://scicomp.stackexchange.com/questions/20748')
2015-09-16 20:45:35,737: INFO: MainThread: Logging in.
2015-09-16 20:45:40,928: INFO: MainThread: Logged in.
2015-09-16 20:45:40,943: INFO: message_sender: Worker thread reporting for duty.
2015-09-16 20:45:59,674: INFO: MainThread: Logging in.
2015-09-16 20:46:04,748: INFO: MainThread: Logged in.
2015-09-16 20:46:04,750: INFO: message_sender: Worker thread reporting for duty.
2015-09-16 20:59:52,387: INFO: MainThread: Logging in.
2015-09-16 20:59:57,527: INFO: MainThread: Logged in.
2015-09-16 20:59:57,528: INFO: message_sender: Worker thread reporting for duty.
2015-09-16 21:00:02,379: INFO: message_sender: Now serving customer 1, ('send', 897, 'Testing')
2015-09-16 21:03:04,905: INFO: MainThread: Logging in.
2015-09-16 21:03:09,614: INFO: MainThread: Logged in.
2015-09-16 21:03:09,616: INFO: message_sender: Worker thread reporting for duty.
2015-09-16 21:05:01,543: INFO: MainThread: Logging in.
2015-09-16 21:05:07,667: INFO: MainThread: Logged in.
2015-09-16 21:05:07,669: INFO: message_sender: Worker thread reporting for duty.
2015-09-16 21:06:14,521: INFO: MainThread: Logging in.
2015-09-16 21:06:19,462: INFO: MainThread: Logged in.
2015-09-16 21:06:19,466: INFO: message_sender: Worker thread reporting for duty.
2015-09-16 21:06:35,617: INFO: MainThread: Logging in.
2015-09-16 21:06:40,537: INFO: MainThread: Logged in.
2015-09-16 21:06:40,538: INFO: message_sender: Worker thread reporting for duty.
2015-09-16 21:07:35,244: INFO: MainThread: Logging in.
2015-09-16 21:07:40,410: INFO: MainThread: Logged in.
2015-09-16 21:07:40,412: INFO: message_sender: Worker thread reporting for duty.
2015-09-16 21:07:50,003: INFO: message_sender: Now serving customer 1, ('send', 89, ":3966295 I haven't seen reports from @Smokey yet -- Hold on!")
2015-09-16 21:08:55,981: INFO: MainThread: Logging in.
2015-09-16 21:09:00,633: INFO: MainThread: Logged in.
2015-09-16 21:09:00,637: INFO: message_sender: Worker thread reporting for duty.
2015-09-16 21:11:13,963: INFO: MainThread: Logging in.
2015-09-16 21:11:18,634: INFO: MainThread: Logged in.
2015-09-16 21:11:18,635: INFO: message_sender: Worker thread reporting for duty.
2015-09-16 21:12:11,604: INFO: MainThread: Logging in.
2015-09-16 21:12:16,337: INFO: MainThread: Logged in.
2015-09-16 21:12:16,341: INFO: message_sender: Worker thread reporting for duty.
2015-09-16 21:13:28,912: INFO: MainThread: Logging in.
2015-09-16 21:13:34,076: INFO: MainThread: Logged in.
2015-09-16 21:13:34,077: INFO: message_sender: Worker thread reporting for duty.
2015-09-16 21:16:54,055: INFO: message_sender: Now serving customer 1, ('send', 897, 'Will this work?')
2015-09-16 21:18:19,633: INFO: message_sender: Now serving customer 2, ('send', 89, u':3966406 Smokey Report:\nTitle: Tree diagram in rdl ssrs\nReason: Repeating characters in answer\nSite: http://stackoverflow.com\nUser: aaa (http://stackoverflow.com/users/5342478)\nLink: http://stackoverflow.com/a/32609748\nReason:')
2015-09-16 21:18:28,309: INFO: message_sender: Now serving customer 3, ('send', 89, 'sd why')
2015-09-16 21:21:10,570: INFO: MainThread: Logging in.
2015-09-16 21:21:15,538: INFO: MainThread: Logged in.
2015-09-16 21:21:15,540: INFO: message_sender: Worker thread reporting for duty.
2015-09-16 21:23:13,135: INFO: MainThread: Logging in.
2015-09-16 21:23:18,375: INFO: MainThread: Logged in.
2015-09-16 21:23:18,376: INFO: message_sender: Worker thread reporting for duty.
2015-09-16 21:24:12,853: INFO: MainThread: Logging in.
2015-09-16 21:24:17,697: INFO: MainThread: Logged in.
2015-09-16 21:24:17,699: INFO: message_sender: Worker thread reporting for duty.
2015-09-16 21:27:20,443: INFO: MainThread: Logging in.
2015-09-16 21:27:25,656: INFO: MainThread: Logged in.
2015-09-16 21:27:25,671: INFO: message_sender: Worker thread reporting for duty.
2015-09-16 21:28:05,808: INFO: MainThread: Logging in.
2015-09-16 21:28:11,205: INFO: MainThread: Logged in.
2015-09-16 21:28:11,206: INFO: message_sender: Worker thread reporting for duty.
2015-09-16 21:28:38,917: INFO: MainThread: Logging in.
2015-09-16 21:28:43,712: INFO: MainThread: Logged in.
2015-09-16 21:28:43,723: INFO: message_sender: Worker thread reporting for duty.
2015-09-16 21:40:56,664: INFO: MainThread: Logging in.
2015-09-16 21:41:11,133: INFO: MainThread: Logging in.
2015-09-16 21:41:15,744: INFO: MainThread: Logged in.
2015-09-16 21:41:15,746: INFO: message_sender: Worker thread reporting for duty.
2015-09-16 21:42:37,752: INFO: message_sender: Now serving customer 1, ('send', 897, 'Just rebooted')
2015-09-16 21:43:19,701: INFO: MainThread: Logging in.
2015-09-16 21:43:26,635: INFO: MainThread: Logging in.
2015-09-16 21:43:31,193: INFO: MainThread: Logged in.
2015-09-16 21:43:31,194: INFO: message_sender: Worker thread reporting for duty.
2015-09-16 21:43:41,406: INFO: message_sender: Now serving customer 1, ('send', 89, 'Rebooted!')
2015-09-16 21:46:56,687: INFO: MainThread: Logging in.
2015-09-16 21:47:01,932: INFO: MainThread: Logged in.
2015-09-16 21:47:01,935: INFO: message_sender: Worker thread reporting for duty.
2015-09-16 21:48:13,619: INFO: MainThread: Logging in.
2015-09-16 21:48:18,298: INFO: MainThread: Logged in.
2015-09-16 21:48:18,300: INFO: message_sender: Worker thread reporting for duty.
2015-09-16 21:49:17,019: INFO: MainThread: Logging in.
2015-09-16 21:49:21,512: INFO: MainThread: Logged in.
2015-09-16 21:49:21,514: INFO: message_sender: Worker thread reporting for duty.
2015-09-16 21:50:11,184: INFO: MainThread: Logging in.
2015-09-16 21:50:16,642: INFO: MainThread: Logged in.
2015-09-16 21:50:16,643: INFO: message_sender: Worker thread reporting for duty.
2015-09-16 21:51:11,789: INFO: MainThread: Logging in.
2015-09-16 21:51:16,819: INFO: MainThread: Logged in.
2015-09-16 21:51:16,828: INFO: message_sender: Worker thread reporting for duty.
2015-09-16 21:51:59,182: INFO: MainThread: Logging in.
2015-09-16 21:52:04,192: INFO: MainThread: Logged in.
2015-09-16 21:52:04,192: INFO: message_sender: Worker thread reporting for duty.
2015-09-16 21:52:49,480: INFO: MainThread: Logging in.
2015-09-16 21:52:53,796: INFO: MainThread: Logged in.
2015-09-16 21:52:53,797: INFO: message_sender: Worker thread reporting for duty.
2015-09-16 21:53:15,558: INFO: MainThread: Logging in.
2015-09-16 21:53:20,213: INFO: MainThread: Logged in.
2015-09-16 21:53:20,215: INFO: message_sender: Worker thread reporting for duty.
2015-09-16 21:54:43,106: INFO: MainThread: Logging in.
2015-09-16 21:54:47,633: INFO: MainThread: Logged in.
2015-09-16 21:54:47,634: INFO: message_sender: Worker thread reporting for duty.
2015-09-16 21:57:38,638: INFO: MainThread: Logging in.
2015-09-16 21:57:43,510: INFO: MainThread: Logged in.
2015-09-16 21:57:43,523: INFO: message_sender: Worker thread reporting for duty.
2015-09-16 21:59:04,612: INFO: MainThread: Logging in.
2015-09-16 21:59:09,278: INFO: MainThread: Logged in.
2015-09-16 21:59:09,281: INFO: message_sender: Worker thread reporting for duty.
2015-09-16 21:59:39,269: INFO: MainThread: Logging in.
2015-09-16 21:59:44,592: INFO: MainThread: Logged in.
2015-09-16 21:59:44,593: INFO: message_sender: Worker thread reporting for duty.
2015-09-16 21:59:57,591: INFO: message_sender: Now serving customer 1, ('send', 89, ":3966740 I haven't seen reports from @Smokey yet -- Hold on!")
2015-09-16 22:01:08,727: INFO: MainThread: Logging in.
2015-09-16 22:01:13,674: INFO: MainThread: Logged in.
2015-09-16 22:01:13,679: INFO: message_sender: Worker thread reporting for duty.
2015-09-16 22:02:17,479: INFO: MainThread: Logging in.
2015-09-16 22:02:22,308: INFO: MainThread: Logged in.
2015-09-16 22:02:22,311: INFO: message_sender: Worker thread reporting for duty.
2015-09-16 22:02:43,804: INFO: MainThread: Logging in.
2015-09-16 22:02:48,672: INFO: MainThread: Logged in.
2015-09-16 22:02:48,673: INFO: message_sender: Worker thread reporting for duty.
2015-09-16 22:04:50,111: INFO: MainThread: Logging in.
2015-09-16 22:04:54,844: INFO: MainThread: Logged in.
2015-09-16 22:04:54,845: INFO: message_sender: Worker thread reporting for duty.
2015-09-16 22:05:03,366: INFO: MainThread: Logging in.
2015-09-16 22:05:08,350: INFO: MainThread: Logged in.
2015-09-16 22:05:08,352: INFO: message_sender: Worker thread reporting for duty.
2015-09-16 22:05:53,165: INFO: MainThread: Logging in.
2015-09-16 22:05:58,079: INFO: MainThread: Logged in.
2015-09-16 22:05:58,080: INFO: message_sender: Worker thread reporting for duty.
2015-09-16 22:06:50,957: INFO: MainThread: Logging in.
2015-09-16 22:06:56,341: INFO: MainThread: Logged in.
2015-09-16 22:06:56,343: INFO: message_sender: Worker thread reporting for duty.
2015-09-16 22:14:26,719: INFO: MainThread: Logging in.
2015-09-16 22:14:32,694: INFO: MainThread: Logged in.
2015-09-16 22:14:32,696: INFO: message_sender: Worker thread reporting for duty.
